{"/Users/elevanoc/Documents/ntt-final-project/src/NativeNttFinalProject.ts": {"path":"/Users/elevanoc/Documents/ntt-final-project/src/NativeNttFinalProject.ts","statementMap":{},"fnMap":{},"branchMap":{},"s":{},"f":{},"b":{},"_coverageSchema":"1a1c01bbd47fc00a2c39e90264f33305004495a9","hash":"b1e799989bcea661e4511120162216341256aee6"}
,"/Users/elevanoc/Documents/ntt-final-project/src/design/atoms/BankCard/BankCard.styles.tsx": {"path":"/Users/elevanoc/Documents/ntt-final-project/src/design/atoms/BankCard/BankCard.styles.tsx","statementMap":{"0":{"start":{"line":3,"column":15},"end":{"line":43,"column":2}}},"fnMap":{},"branchMap":{},"s":{"0":2},"f":{},"b":{},"_coverageSchema":"1a1c01bbd47fc00a2c39e90264f33305004495a9","hash":"8c30617649f361d400034ff74082e80e40faaf4a"}
,"/Users/elevanoc/Documents/ntt-final-project/src/design/atoms/BankCard/BankCard.tsx": {"path":"/Users/elevanoc/Documents/ntt-final-project/src/design/atoms/BankCard/BankCard.tsx","statementMap":{"0":{"start":{"line":11,"column":17},"end":{"line":86,"column":1}},"1":{"start":{"line":12,"column":24},"end":{"line":18,"column":3}},"2":{"start":{"line":13,"column":4},"end":{"line":13,"column":51}},"3":{"start":{"line":13,"column":36},"end":{"line":13,"column":51}},"4":{"start":{"line":14,"column":4},"end":{"line":17,"column":9}},"5":{"start":{"line":20,"column":27},"end":{"line":23,"column":3}},"6":{"start":{"line":21,"column":18},"end":{"line":21,"column":38}},"7":{"start":{"line":22,"column":4},"end":{"line":22,"column":37}},"8":{"start":{"line":25,"column":2},"end":{"line":85,"column":4}}},"fnMap":{"0":{"name":"(anonymous_0)","decl":{"start":{"line":11,"column":17},"end":{"line":11,"column":18}},"loc":{"start":{"line":11,"column":35},"end":{"line":86,"column":1}},"line":11},"1":{"name":"(anonymous_1)","decl":{"start":{"line":12,"column":24},"end":{"line":12,"column":25}},"loc":{"start":{"line":12,"column":52},"end":{"line":18,"column":3}},"line":12},"2":{"name":"(anonymous_2)","decl":{"start":{"line":20,"column":27},"end":{"line":20,"column":28}},"loc":{"start":{"line":20,"column":59},"end":{"line":23,"column":3}},"line":20}},"branchMap":{"0":{"loc":{"start":{"line":13,"column":4},"end":{"line":13,"column":51}},"type":"if","locations":[{"start":{"line":13,"column":4},"end":{"line":13,"column":51}},{"start":{},"end":{}}],"line":13}},"s":{"0":2,"1":1,"2":1,"3":0,"4":1,"5":1,"6":1,"7":1,"8":1},"f":{"0":1,"1":1,"2":1},"b":{"0":[0,1]},"_coverageSchema":"1a1c01bbd47fc00a2c39e90264f33305004495a9","hash":"52c118f0ca9e043a8ddbe753d6b2d3b26d903486"}
,"/Users/elevanoc/Documents/ntt-final-project/src/design/atoms/ChatBox/ChatBox.styles.tsx": {"path":"/Users/elevanoc/Documents/ntt-final-project/src/design/atoms/ChatBox/ChatBox.styles.tsx","statementMap":{"0":{"start":{"line":3,"column":15},"end":{"line":15,"column":2}}},"fnMap":{},"branchMap":{},"s":{"0":2},"f":{},"b":{},"_coverageSchema":"1a1c01bbd47fc00a2c39e90264f33305004495a9","hash":"bdccb4a03ba74836d711c6dd58f1f659493b33de"}
,"/Users/elevanoc/Documents/ntt-final-project/src/design/atoms/ChatBox/ChatBox.tsx": {"path":"/Users/elevanoc/Documents/ntt-final-project/src/design/atoms/ChatBox/ChatBox.tsx","statementMap":{"0":{"start":{"line":11,"column":16},"end":{"line":24,"column":1}},"1":{"start":{"line":12,"column":2},"end":{"line":23,"column":4}}},"fnMap":{"0":{"name":"(anonymous_0)","decl":{"start":{"line":11,"column":16},"end":{"line":11,"column":17}},"loc":{"start":{"line":11,"column":34},"end":{"line":24,"column":1}},"line":11}},"branchMap":{"0":{"loc":{"start":{"line":18,"column":8},"end":{"line":18,"column":70}},"type":"cond-expr","locations":[{"start":{"line":18,"column":40},"end":{"line":18,"column":56}},{"start":{"line":18,"column":59},"end":{"line":18,"column":70}}],"line":18}},"s":{"0":2,"1":2},"f":{"0":2},"b":{"0":[1,1]},"_coverageSchema":"1a1c01bbd47fc00a2c39e90264f33305004495a9","hash":"bb15d278dac6d9907818b8f75853a92b0f669876"}
,"/Users/elevanoc/Documents/ntt-final-project/src/design/atoms/Input/Input.styles.tsx": {"path":"/Users/elevanoc/Documents/ntt-final-project/src/design/atoms/Input/Input.styles.tsx","statementMap":{"0":{"start":{"line":3,"column":15},"end":{"line":26,"column":2}}},"fnMap":{},"branchMap":{},"s":{"0":2},"f":{},"b":{},"_coverageSchema":"1a1c01bbd47fc00a2c39e90264f33305004495a9","hash":"2df199d4243daac4c9419f6bd0af65a3ce88c686"}
,"/Users/elevanoc/Documents/ntt-final-project/src/design/atoms/Input/Input.tsx": {"path":"/Users/elevanoc/Documents/ntt-final-project/src/design/atoms/Input/Input.tsx","statementMap":{"0":{"start":{"line":19,"column":42},"end":{"line":83,"column":1}},"1":{"start":{"line":29,"column":6},"end":{"line":29,"column":11}},"2":{"start":{"line":31,"column":63},"end":{"line":33,"column":3}},"3":{"start":{"line":35,"column":23},"end":{"line":35,"column":50}},"4":{"start":{"line":37,"column":16},"end":{"line":37,"column":60}},"5":{"start":{"line":39,"column":23},"end":{"line":45,"column":3}},"6":{"start":{"line":40,"column":4},"end":{"line":44,"column":5}},"7":{"start":{"line":41,"column":6},"end":{"line":41,"column":33}},"8":{"start":{"line":43,"column":6},"end":{"line":43,"column":29}},"9":{"start":{"line":47,"column":22},"end":{"line":53,"column":3}},"10":{"start":{"line":48,"column":4},"end":{"line":52,"column":5}},"11":{"start":{"line":49,"column":6},"end":{"line":49,"column":31}},"12":{"start":{"line":51,"column":6},"end":{"line":51,"column":27}},"13":{"start":{"line":55,"column":2},"end":{"line":82,"column":4}}},"fnMap":{"0":{"name":"(anonymous_0)","decl":{"start":{"line":19,"column":42},"end":{"line":19,"column":43}},"loc":{"start":{"line":24,"column":6},"end":{"line":83,"column":1}},"line":24},"1":{"name":"(anonymous_1)","decl":{"start":{"line":39,"column":23},"end":{"line":39,"column":24}},"loc":{"start":{"line":39,"column":41},"end":{"line":45,"column":3}},"line":39},"2":{"name":"(anonymous_2)","decl":{"start":{"line":47,"column":22},"end":{"line":47,"column":23}},"loc":{"start":{"line":47,"column":28},"end":{"line":53,"column":3}},"line":47}},"branchMap":{"0":{"loc":{"start":{"line":32,"column":4},"end":{"line":32,"column":23}},"type":"binary-expr","locations":[{"start":{"line":32,"column":4},"end":{"line":32,"column":17}},{"start":{"line":32,"column":21},"end":{"line":32,"column":23}}],"line":32},"1":{"loc":{"start":{"line":37,"column":16},"end":{"line":37,"column":60}},"type":"cond-expr","locations":[{"start":{"line":37,"column":31},"end":{"line":37,"column":44}},{"start":{"line":37,"column":47},"end":{"line":37,"column":60}}],"line":37},"2":{"loc":{"start":{"line":40,"column":4},"end":{"line":44,"column":5}},"type":"if","locations":[{"start":{"line":40,"column":4},"end":{"line":44,"column":5}},{"start":{"line":42,"column":11},"end":{"line":44,"column":5}}],"line":40},"3":{"loc":{"start":{"line":40,"column":8},"end":{"line":40,"column":44}},"type":"binary-expr","locations":[{"start":{"line":40,"column":8},"end":{"line":40,"column":20}},{"start":{"line":40,"column":24},"end":{"line":40,"column":44}}],"line":40},"4":{"loc":{"start":{"line":48,"column":4},"end":{"line":52,"column":5}},"type":"if","locations":[{"start":{"line":48,"column":4},"end":{"line":52,"column":5}},{"start":{"line":50,"column":11},"end":{"line":52,"column":5}}],"line":48},"5":{"loc":{"start":{"line":48,"column":8},"end":{"line":48,"column":44}},"type":"binary-expr","locations":[{"start":{"line":48,"column":8},"end":{"line":48,"column":20}},{"start":{"line":48,"column":24},"end":{"line":48,"column":44}}],"line":48},"6":{"loc":{"start":{"line":65,"column":7},"end":{"line":80,"column":7}},"type":"binary-expr","locations":[{"start":{"line":65,"column":7},"end":{"line":65,"column":23}},{"start":{"line":66,"column":8},"end":{"line":79,"column":20}}],"line":65}},"s":{"0":2,"1":4,"2":4,"3":4,"4":4,"5":4,"6":2,"7":1,"8":1,"9":4,"10":2,"11":1,"12":1,"13":4},"f":{"0":4,"1":2,"2":2},"b":{"0":[4,3],"1":[1,3],"2":[1,1],"3":[2,1],"4":[1,1],"5":[2,1],"6":[4,2]},"_coverageSchema":"1a1c01bbd47fc00a2c39e90264f33305004495a9","hash":"41623be6275233382d9c0ba05d231c032194157c"}
,"/Users/elevanoc/Documents/ntt-final-project/src/design/atoms/Input/useInput.tsx": {"path":"/Users/elevanoc/Documents/ntt-final-project/src/design/atoms/Input/useInput.tsx","statementMap":{"0":{"start":{"line":3,"column":17},"end":{"line":7,"column":1}},"1":{"start":{"line":4,"column":28},"end":{"line":4,"column":50}},"2":{"start":{"line":6,"column":2},"end":{"line":6,"column":29}}},"fnMap":{"0":{"name":"(anonymous_0)","decl":{"start":{"line":3,"column":17},"end":{"line":3,"column":18}},"loc":{"start":{"line":3,"column":40},"end":{"line":7,"column":1}},"line":3}},"branchMap":{"0":{"loc":{"start":{"line":3,"column":18},"end":{"line":3,"column":35}},"type":"default-arg","locations":[{"start":{"line":3,"column":33},"end":{"line":3,"column":35}}],"line":3}},"s":{"0":2,"1":4,"2":4},"f":{"0":4},"b":{"0":[0]},"_coverageSchema":"1a1c01bbd47fc00a2c39e90264f33305004495a9","hash":"2170e95382128a7cb1189bc4912e6a939039f47d"}
,"/Users/elevanoc/Documents/ntt-final-project/src/design/atoms/PickerComponent/PickerComponent.styles.tsx": {"path":"/Users/elevanoc/Documents/ntt-final-project/src/design/atoms/PickerComponent/PickerComponent.styles.tsx","statementMap":{"0":{"start":{"line":3,"column":15},"end":{"line":24,"column":2}}},"fnMap":{},"branchMap":{},"s":{"0":2},"f":{},"b":{},"_coverageSchema":"1a1c01bbd47fc00a2c39e90264f33305004495a9","hash":"3e254a966f6b04d9da67c8e072bbf8ac29ad80d7"}
,"/Users/elevanoc/Documents/ntt-final-project/src/design/atoms/PickerComponent/PickerComponent.tsx": {"path":"/Users/elevanoc/Documents/ntt-final-project/src/design/atoms/PickerComponent/PickerComponent.tsx","statementMap":{"0":{"start":{"line":11,"column":35},"end":{"line":32,"column":1}},"1":{"start":{"line":12,"column":2},"end":{"line":31,"column":4}},"2":{"start":{"line":16,"column":8},"end":{"line":18,"column":9}},"3":{"start":{"line":17,"column":10},"end":{"line":17,"column":46}}},"fnMap":{"0":{"name":"(anonymous_0)","decl":{"start":{"line":11,"column":35},"end":{"line":11,"column":36}},"loc":{"start":{"line":11,"column":72},"end":{"line":32,"column":1}},"line":11},"1":{"name":"(anonymous_1)","decl":{"start":{"line":15,"column":21},"end":{"line":15,"column":22}},"loc":{"start":{"line":15,"column":37},"end":{"line":19,"column":7}},"line":15}},"branchMap":{"0":{"loc":{"start":{"line":16,"column":8},"end":{"line":18,"column":9}},"type":"if","locations":[{"start":{"line":16,"column":8},"end":{"line":18,"column":9}},{"start":{},"end":{}}],"line":16}},"s":{"0":2,"1":1,"2":1,"3":1},"f":{"0":1,"1":1},"b":{"0":[1,0]},"_coverageSchema":"1a1c01bbd47fc00a2c39e90264f33305004495a9","hash":"817bf4e61bd734759b97c041fd0dda4a901dc6ee"}
,"/Users/elevanoc/Documents/ntt-final-project/src/design/atoms/PrimaryButton/PrimaryButton.styles.tsx": {"path":"/Users/elevanoc/Documents/ntt-final-project/src/design/atoms/PrimaryButton/PrimaryButton.styles.tsx","statementMap":{"0":{"start":{"line":3,"column":15},"end":{"line":17,"column":2}}},"fnMap":{},"branchMap":{},"s":{"0":2},"f":{},"b":{},"_coverageSchema":"1a1c01bbd47fc00a2c39e90264f33305004495a9","hash":"a9e8e6e7e4032afed79b854a14a767c4bcc7cdea"}
,"/Users/elevanoc/Documents/ntt-final-project/src/design/atoms/PrimaryButton/PrimaryButton.tsx": {"path":"/Users/elevanoc/Documents/ntt-final-project/src/design/atoms/PrimaryButton/PrimaryButton.tsx","statementMap":{"0":{"start":{"line":16,"column":50},"end":{"line":26,"column":1}},"1":{"start":{"line":21,"column":2},"end":{"line":25,"column":4}}},"fnMap":{"0":{"name":"(anonymous_0)","decl":{"start":{"line":16,"column":50},"end":{"line":16,"column":51}},"loc":{"start":{"line":20,"column":6},"end":{"line":26,"column":1}},"line":20}},"branchMap":{},"s":{"0":2,"1":1},"f":{"0":1},"b":{},"_coverageSchema":"1a1c01bbd47fc00a2c39e90264f33305004495a9","hash":"1675eaa9e25cc08f93f9f0d1f046051711d75f68"}
,"/Users/elevanoc/Documents/ntt-final-project/src/design/atoms/SecondaryButton/SecondaryButton.styles.tsx": {"path":"/Users/elevanoc/Documents/ntt-final-project/src/design/atoms/SecondaryButton/SecondaryButton.styles.tsx","statementMap":{"0":{"start":{"line":3,"column":15},"end":{"line":22,"column":2}}},"fnMap":{},"branchMap":{},"s":{"0":2},"f":{},"b":{},"_coverageSchema":"1a1c01bbd47fc00a2c39e90264f33305004495a9","hash":"bf62ed4ebd603642083047d102024a7fe036c10d"}
,"/Users/elevanoc/Documents/ntt-final-project/src/design/atoms/SecondaryButton/SecondaryButton.tsx": {"path":"/Users/elevanoc/Documents/ntt-final-project/src/design/atoms/SecondaryButton/SecondaryButton.tsx","statementMap":{"0":{"start":{"line":17,"column":52},"end":{"line":35,"column":1}},"1":{"start":{"line":23,"column":2},"end":{"line":34,"column":4}}},"fnMap":{"0":{"name":"(anonymous_0)","decl":{"start":{"line":17,"column":52},"end":{"line":17,"column":53}},"loc":{"start":{"line":22,"column":6},"end":{"line":35,"column":1}},"line":22}},"branchMap":{"0":{"loc":{"start":{"line":29,"column":8},"end":{"line":29,"column":60}},"type":"cond-expr","locations":[{"start":{"line":29,"column":31},"end":{"line":29,"column":44}},{"start":{"line":29,"column":47},"end":{"line":29,"column":60}}],"line":29}},"s":{"0":2,"1":2},"f":{"0":2},"b":{"0":[1,1]},"_coverageSchema":"1a1c01bbd47fc00a2c39e90264f33305004495a9","hash":"0d0dfc194eb977a29136cd6c43961c524e10cca2"}
,"/Users/elevanoc/Documents/ntt-final-project/src/design/molecules/CardSection/CardSection.styles.tsx": {"path":"/Users/elevanoc/Documents/ntt-final-project/src/design/molecules/CardSection/CardSection.styles.tsx","statementMap":{"0":{"start":{"line":3,"column":15},"end":{"line":33,"column":2}}},"fnMap":{},"branchMap":{},"s":{"0":2},"f":{},"b":{},"_coverageSchema":"1a1c01bbd47fc00a2c39e90264f33305004495a9","hash":"9cfd1e40cf0d2864a25bd1ed807fed72591d6eac"}
,"/Users/elevanoc/Documents/ntt-final-project/src/design/molecules/CardSection/CardSection.tsx": {"path":"/Users/elevanoc/Documents/ntt-final-project/src/design/molecules/CardSection/CardSection.tsx","statementMap":{"0":{"start":{"line":14,"column":20},"end":{"line":27,"column":1}},"1":{"start":{"line":15,"column":2},"end":{"line":26,"column":4}}},"fnMap":{"0":{"name":"(anonymous_0)","decl":{"start":{"line":14,"column":20},"end":{"line":14,"column":21}},"loc":{"start":{"line":14,"column":38},"end":{"line":27,"column":1}},"line":14}},"branchMap":{},"s":{"0":2,"1":1},"f":{"0":1},"b":{},"_coverageSchema":"1a1c01bbd47fc00a2c39e90264f33305004495a9","hash":"21f0af8a384e4fb4212dfa4aad46c761e800659c"}
,"/Users/elevanoc/Documents/ntt-final-project/src/design/molecules/ListItem/ListItem.styles.tsx": {"path":"/Users/elevanoc/Documents/ntt-final-project/src/design/molecules/ListItem/ListItem.styles.tsx","statementMap":{"0":{"start":{"line":3,"column":15},"end":{"line":50,"column":2}}},"fnMap":{},"branchMap":{},"s":{"0":2},"f":{},"b":{},"_coverageSchema":"1a1c01bbd47fc00a2c39e90264f33305004495a9","hash":"65afde55e731f5d8c7e4d3cf19db72651642e208"}
,"/Users/elevanoc/Documents/ntt-final-project/src/design/molecules/ListItem/ListItem.tsx": {"path":"/Users/elevanoc/Documents/ntt-final-project/src/design/molecules/ListItem/ListItem.tsx","statementMap":{"0":{"start":{"line":9,"column":17},"end":{"line":47,"column":1}},"1":{"start":{"line":10,"column":2},"end":{"line":46,"column":4}}},"fnMap":{"0":{"name":"(anonymous_0)","decl":{"start":{"line":9,"column":17},"end":{"line":9,"column":18}},"loc":{"start":{"line":9,"column":45},"end":{"line":47,"column":1}},"line":9}},"branchMap":{"0":{"loc":{"start":{"line":16,"column":12},"end":{"line":18,"column":40}},"type":"cond-expr","locations":[{"start":{"line":17,"column":16},"end":{"line":17,"column":39}},{"start":{"line":18,"column":16},"end":{"line":18,"column":40}}],"line":16},"1":{"loc":{"start":{"line":37,"column":10},"end":{"line":39,"column":33}},"type":"cond-expr","locations":[{"start":{"line":38,"column":14},"end":{"line":38,"column":32}},{"start":{"line":39,"column":14},"end":{"line":39,"column":33}}],"line":37},"2":{"loc":{"start":{"line":42,"column":9},"end":{"line":42,"column":50}},"type":"cond-expr","locations":[{"start":{"line":42,"column":41},"end":{"line":42,"column":44}},{"start":{"line":42,"column":47},"end":{"line":42,"column":50}}],"line":42}},"s":{"0":2,"1":2},"f":{"0":2},"b":{"0":[1,1],"1":[1,1],"2":[1,1]},"_coverageSchema":"1a1c01bbd47fc00a2c39e90264f33305004495a9","hash":"947b9195f48c84aa65a7d48b638f4a142d814f0c"}
,"/Users/elevanoc/Documents/ntt-final-project/src/design/molecules/ServiceItem/ServiceItem.styles.tsx": {"path":"/Users/elevanoc/Documents/ntt-final-project/src/design/molecules/ServiceItem/ServiceItem.styles.tsx","statementMap":{"0":{"start":{"line":3,"column":15},"end":{"line":24,"column":2}}},"fnMap":{},"branchMap":{},"s":{"0":2},"f":{},"b":{},"_coverageSchema":"1a1c01bbd47fc00a2c39e90264f33305004495a9","hash":"dec04225d469e7bef10e4e935db98ef65ba28f5b"}
,"/Users/elevanoc/Documents/ntt-final-project/src/design/molecules/ServiceItem/ServiceItem.tsx": {"path":"/Users/elevanoc/Documents/ntt-final-project/src/design/molecules/ServiceItem/ServiceItem.tsx","statementMap":{"0":{"start":{"line":10,"column":20},"end":{"line":27,"column":1}},"1":{"start":{"line":11,"column":2},"end":{"line":26,"column":4}}},"fnMap":{"0":{"name":"(anonymous_0)","decl":{"start":{"line":10,"column":20},"end":{"line":10,"column":21}},"loc":{"start":{"line":10,"column":57},"end":{"line":27,"column":1}},"line":10}},"branchMap":{},"s":{"0":2,"1":1},"f":{"0":1},"b":{},"_coverageSchema":"1a1c01bbd47fc00a2c39e90264f33305004495a9","hash":"10e4c62364da8c799250e8daeb5af82c6f03ede9"}
,"/Users/elevanoc/Documents/ntt-final-project/src/modules/network-monitor/NativeNetworkMonitor.ts": {"path":"/Users/elevanoc/Documents/ntt-final-project/src/modules/network-monitor/NativeNetworkMonitor.ts","statementMap":{},"fnMap":{},"branchMap":{},"s":{},"f":{},"b":{}}
,"/Users/elevanoc/Documents/ntt-final-project/src/modules/network-monitor/useNetworkMonitor.ts": {"path":"/Users/elevanoc/Documents/ntt-final-project/src/modules/network-monitor/useNetworkMonitor.ts","statementMap":{"0":{"start":{"line":5,"column":21},"end":{"line":5,"column":73}},"1":{"start":{"line":7,"column":33},"end":{"line":30,"column":1}},"2":{"start":{"line":8,"column":46},"end":{"line":10,"column":3}},"3":{"start":{"line":12,"column":2},"end":{"line":27,"column":9}},"4":{"start":{"line":14,"column":4},"end":{"line":14,"column":61}},"5":{"start":{"line":17,"column":25},"end":{"line":22,"column":5}},"6":{"start":{"line":20,"column":8},"end":{"line":20,"column":50}},"7":{"start":{"line":24,"column":4},"end":{"line":26,"column":6}},"8":{"start":{"line":25,"column":6},"end":{"line":25,"column":28}},"9":{"start":{"line":29,"column":2},"end":{"line":29,"column":24}}},"fnMap":{"0":{"name":"(anonymous_0)","decl":{"start":{"line":7,"column":33},"end":{"line":7,"column":34}},"loc":{"start":{"line":7,"column":39},"end":{"line":30,"column":1}},"line":7},"1":{"name":"(anonymous_1)","decl":{"start":{"line":12,"column":12},"end":{"line":12,"column":13}},"loc":{"start":{"line":12,"column":18},"end":{"line":27,"column":3}},"line":12},"2":{"name":"(anonymous_2)","decl":{"start":{"line":19,"column":6},"end":{"line":19,"column":7}},"loc":{"start":{"line":19,"column":21},"end":{"line":21,"column":7}},"line":19},"3":{"name":"(anonymous_3)","decl":{"start":{"line":24,"column":11},"end":{"line":24,"column":12}},"loc":{"start":{"line":24,"column":17},"end":{"line":26,"column":5}},"line":24}},"branchMap":{},"s":{"0":1,"1":1,"2":3,"3":3,"4":1,"5":1,"6":1,"7":1,"8":1,"9":3},"f":{"0":3,"1":1,"2":1,"3":1},"b":{},"_coverageSchema":"1a1c01bbd47fc00a2c39e90264f33305004495a9","hash":"0070229bd1c384ef0ec51d324b059388a2f56a8f"}
,"/Users/elevanoc/Documents/ntt-final-project/src/modules/secure-storage/NativeSecureStorage.ts": {"path":"/Users/elevanoc/Documents/ntt-final-project/src/modules/secure-storage/NativeSecureStorage.ts","statementMap":{},"fnMap":{},"branchMap":{},"s":{},"f":{},"b":{},"_coverageSchema":"1a1c01bbd47fc00a2c39e90264f33305004495a9","hash":"31e1640f6f1a1ce54e5b5a22aa7654df36948424"}
,"/Users/elevanoc/Documents/ntt-final-project/src/modules/secure-storage/types.ts": {"path":"/Users/elevanoc/Documents/ntt-final-project/src/modules/secure-storage/types.ts","statementMap":{"0":{"start":{"line":3,"column":29},"end":{"line":11,"column":1}},"1":{"start":{"line":5,"column":4},"end":{"line":5,"column":57}},"2":{"start":{"line":9,"column":4},"end":{"line":9,"column":50}}},"fnMap":{"0":{"name":"(anonymous_0)","decl":{"start":{"line":4,"column":11},"end":{"line":4,"column":12}},"loc":{"start":{"line":4,"column":67},"end":{"line":6,"column":3}},"line":4},"1":{"name":"(anonymous_1)","decl":{"start":{"line":8,"column":11},"end":{"line":8,"column":12}},"loc":{"start":{"line":8,"column":58},"end":{"line":10,"column":3}},"line":8}},"branchMap":{},"s":{"0":2,"1":1,"2":1},"f":{"0":1,"1":1},"b":{},"_coverageSchema":"1a1c01bbd47fc00a2c39e90264f33305004495a9","hash":"b3e05aa574f994bf85d12177b971cc932a5d4144"}
}
